  ex3.cpp
C:\Bitnami\wampstack-8.1.5-0\apache2\htdocs\연습장\C_C++\ex3.cpp(4,9): warning C4477: 'printf' : 서식 문자열 '%d'에 'int' 형식의 인수가 필요하지만 variadic 인수 1의 형식이 'size_t'입니다.
C:\Bitnami\wampstack-8.1.5-0\apache2\htdocs\연습장\C_C++\ex3.cpp(4,9): message : 서식 문자열에서 '%zd'을(를) 사용하는 것이 좋습니다.
C:\Bitnami\wampstack-8.1.5-0\apache2\htdocs\연습장\C_C++\ex3.cpp(4,9): warning C4477: 'printf' : 서식 문자열 '%d'에 'int' 형식의 인수가 필요하지만 variadic 인수 2의 형식이 'size_t'입니다.
C:\Bitnami\wampstack-8.1.5-0\apache2\htdocs\연습장\C_C++\ex3.cpp(4,9): message : 서식 문자열에서 '%zd'을(를) 사용하는 것이 좋습니다.
C:\Bitnami\wampstack-8.1.5-0\apache2\htdocs\연습장\C_C++\ex3.cpp(4,9): warning C4477: 'printf' : 서식 문자열 '%d'에 'int' 형식의 인수가 필요하지만 variadic 인수 3의 형식이 'size_t'입니다.
C:\Bitnami\wampstack-8.1.5-0\apache2\htdocs\연습장\C_C++\ex3.cpp(4,9): message : 서식 문자열에서 '%zd'을(를) 사용하는 것이 좋습니다.
C:\Bitnami\wampstack-8.1.5-0\apache2\htdocs\연습장\C_C++\ex3.cpp(4,9): warning C4477: 'printf' : 서식 문자열 '%d'에 'int' 형식의 인수가 필요하지만 variadic 인수 4의 형식이 'size_t'입니다.
C:\Bitnami\wampstack-8.1.5-0\apache2\htdocs\연습장\C_C++\ex3.cpp(4,9): message : 서식 문자열에서 '%zd'을(를) 사용하는 것이 좋습니다.
C:\Bitnami\wampstack-8.1.5-0\apache2\htdocs\연습장\C_C++\ex3.cpp(8,9): warning C4477: 'printf' : 서식 문자열 '%d'에 'int' 형식의 인수가 필요하지만 variadic 인수 1의 형식이 'size_t'입니다.
C:\Bitnami\wampstack-8.1.5-0\apache2\htdocs\연습장\C_C++\ex3.cpp(8,9): message : 서식 문자열에서 '%zd'을(를) 사용하는 것이 좋습니다.
C:\Bitnami\wampstack-8.1.5-0\apache2\htdocs\연습장\C_C++\ex3.cpp(8,9): warning C4477: 'printf' : 서식 문자열 '%d'에 'int' 형식의 인수가 필요하지만 variadic 인수 2의 형식이 'size_t'입니다.
C:\Bitnami\wampstack-8.1.5-0\apache2\htdocs\연습장\C_C++\ex3.cpp(8,9): message : 서식 문자열에서 '%zd'을(를) 사용하는 것이 좋습니다.
C:\Bitnami\wampstack-8.1.5-0\apache2\htdocs\연습장\C_C++\ex3.cpp(8,9): warning C4477: 'printf' : 서식 문자열 '%d'에 'int' 형식의 인수가 필요하지만 variadic 인수 3의 형식이 'size_t'입니다.
C:\Bitnami\wampstack-8.1.5-0\apache2\htdocs\연습장\C_C++\ex3.cpp(8,9): message : 서식 문자열에서 '%zd'을(를) 사용하는 것이 좋습니다.
C:\Bitnami\wampstack-8.1.5-0\apache2\htdocs\연습장\C_C++\ex3.cpp(8,9): warning C4477: 'printf' : 서식 문자열 '%d'에 'int' 형식의 인수가 필요하지만 variadic 인수 4의 형식이 'size_t'입니다.
C:\Bitnami\wampstack-8.1.5-0\apache2\htdocs\연습장\C_C++\ex3.cpp(8,9): message : 서식 문자열에서 '%zd'을(를) 사용하는 것이 좋습니다.
C:\Bitnami\wampstack-8.1.5-0\apache2\htdocs\연습장\C_C++\ex3.cpp(14,9): warning C4244: '초기화 중': 'double'에서 'int'(으)로 변환하면서 데이터가 손실될 수 있습니다.
C:\Bitnami\wampstack-8.1.5-0\apache2\htdocs\연습장\C_C++\ex3.cpp(57,9): warning C4244: '초기화 중': 'double'에서 'int'(으)로 변환하면서 데이터가 손실될 수 있습니다.
  C_C++.vcxproj -> C:\Bitnami\wampstack-8.1.5-0\apache2\htdocs\연습장\C_C++\x64\Debug\C_C++.exe
